<?xml version="1.0" encoding="UTF-8"?>
<!-- Generated by org.testng.reporters.JUnitReportReporter -->
<testsuite hostname="PRANJALI" failures="0" tests="2" name="neoStoxTest.ValidateNeoStoxUserNameUsingPropertyFile" time="14.499" errors="0" timestamp="2022-12-06T15:36:35 IST" skipped="0">
  <testcase classname="neoStoxTest.ValidateNeoStoxUserNameUsingPropertyFile" name="validateUserName" time="5.666"/>
  <system-out>
    <![CDATA[getting user Name
reading value of userNamefrom property file
TCvalidateUserNameis completed successfuly]]>
  </system-out>
  <testcase classname="neoStoxTest.ValidateNeoStoxUserNameUsingPropertyFile" name="validateACBalance" time="8.833"/>
  <system-out>
    <![CDATA[waiting for 1000millis
getting actual balance
waiting for 1000millis
getting actual balance
AC Balance isRs.5,00,774.88
TCvalidateACBalanceis completed successfuly]]>
  </system-out>
</testsuite> <!-- neoStoxTest.ValidateNeoStoxUserNameUsingPropertyFile -->
